2021-06-14 19:15:16,937 [main] INFO : Neither @ContextConfiguration nor @ContextHierarchy found for test class [de.mortensenit.bcplayground.core.HelloWorldControllerUnitTest], using SpringBootContextLoader
2021-06-14 19:15:16,948 [main] INFO : Could not detect default resource locations for test class [de.mortensenit.bcplayground.core.HelloWorldControllerUnitTest]: no resource found for suffixes {-context.xml, Context.groovy}.
2021-06-14 19:15:16,950 [main] INFO : Could not detect default configuration classes for test class [de.mortensenit.bcplayground.core.HelloWorldControllerUnitTest]: HelloWorldControllerUnitTest does not declare any static, non-private, non-final, nested classes annotated with @Configuration.
2021-06-14 19:15:17,093 [main] INFO : Found @SpringBootConfiguration de.mortensenit.bcplayground.core.StartupApplication for test class de.mortensenit.bcplayground.core.HelloWorldControllerUnitTest
2021-06-14 19:15:17,096 [main] INFO : Loaded default TestExecutionListener class names from location [META-INF/spring.factories]: [org.springframework.boot.test.mock.mockito.MockitoTestExecutionListener, org.springframework.boot.test.mock.mockito.ResetMocksTestExecutionListener, org.springframework.boot.test.autoconfigure.restdocs.RestDocsTestExecutionListener, org.springframework.boot.test.autoconfigure.web.client.MockRestServiceServerResetTestExecutionListener, org.springframework.boot.test.autoconfigure.web.servlet.MockMvcPrintOnlyOnFailureTestExecutionListener, org.springframework.boot.test.autoconfigure.web.servlet.WebDriverTestExecutionListener, org.springframework.test.context.web.ServletTestExecutionListener, org.springframework.test.context.support.DirtiesContextBeforeModesTestExecutionListener, org.springframework.test.context.support.DependencyInjectionTestExecutionListener, org.springframework.test.context.support.DirtiesContextTestExecutionListener, org.springframework.test.context.transaction.TransactionalTestExecutionListener, org.springframework.test.context.jdbc.SqlScriptsTestExecutionListener]
2021-06-14 19:15:17,116 [main] INFO : Using TestExecutionListeners: [org.springframework.test.context.web.ServletTestExecutionListener@6326d182, org.springframework.test.context.support.DirtiesContextBeforeModesTestExecutionListener@5241cf67, org.springframework.boot.test.mock.mockito.MockitoTestExecutionListener@716a7124, org.springframework.boot.test.autoconfigure.SpringBootDependencyInjectionTestExecutionListener@77192705, org.springframework.test.context.support.DirtiesContextTestExecutionListener@226642a5, org.springframework.test.context.transaction.TransactionalTestExecutionListener@7e809b79, org.springframework.test.context.jdbc.SqlScriptsTestExecutionListener@5cc126dc, org.springframework.boot.test.mock.mockito.ResetMocksTestExecutionListener@625e134e, org.springframework.boot.test.autoconfigure.restdocs.RestDocsTestExecutionListener@72bd06ca, org.springframework.boot.test.autoconfigure.web.client.MockRestServiceServerResetTestExecutionListener@89c10b7, org.springframework.boot.test.autoconfigure.web.servlet.MockMvcPrintOnlyOnFailureTestExecutionListener@5dbe30be, org.springframework.boot.test.autoconfigure.web.servlet.WebDriverTestExecutionListener@4fe89c24]
2021-06-14 19:15:18,835 [main] INFO : Initializing ExecutorService 'applicationTaskExecutor'
2021-06-14 19:15:19,071 [main] INFO : Initializing Spring TestDispatcherServlet ''
2021-06-14 19:15:19,071 [main] INFO : Initializing Servlet ''
2021-06-14 19:15:19,110 [main] INFO : Completed initialization in 39 ms
2021-06-14 19:15:19,513 [main] INFO : Neither @ContextConfiguration nor @ContextHierarchy found for test class [de.mortensenit.bcplayground.core.StartupApplicationIntegrationTest], using SpringBootContextLoader
2021-06-14 19:15:19,515 [main] INFO : Could not detect default resource locations for test class [de.mortensenit.bcplayground.core.StartupApplicationIntegrationTest]: no resource found for suffixes {-context.xml, Context.groovy}.
2021-06-14 19:15:19,515 [main] INFO : Could not detect default configuration classes for test class [de.mortensenit.bcplayground.core.StartupApplicationIntegrationTest]: StartupApplicationIntegrationTest does not declare any static, non-private, non-final, nested classes annotated with @Configuration.
2021-06-14 19:15:19,520 [main] INFO : Found @SpringBootConfiguration de.mortensenit.bcplayground.core.StartupApplication for test class de.mortensenit.bcplayground.core.StartupApplicationIntegrationTest
2021-06-14 19:15:19,522 [main] INFO : Loaded default TestExecutionListener class names from location [META-INF/spring.factories]: [org.springframework.boot.test.mock.mockito.MockitoTestExecutionListener, org.springframework.boot.test.mock.mockito.ResetMocksTestExecutionListener, org.springframework.boot.test.autoconfigure.restdocs.RestDocsTestExecutionListener, org.springframework.boot.test.autoconfigure.web.client.MockRestServiceServerResetTestExecutionListener, org.springframework.boot.test.autoconfigure.web.servlet.MockMvcPrintOnlyOnFailureTestExecutionListener, org.springframework.boot.test.autoconfigure.web.servlet.WebDriverTestExecutionListener, org.springframework.test.context.web.ServletTestExecutionListener, org.springframework.test.context.support.DirtiesContextBeforeModesTestExecutionListener, org.springframework.test.context.support.DependencyInjectionTestExecutionListener, org.springframework.test.context.support.DirtiesContextTestExecutionListener, org.springframework.test.context.transaction.TransactionalTestExecutionListener, org.springframework.test.context.jdbc.SqlScriptsTestExecutionListener]
2021-06-14 19:15:19,523 [main] INFO : Using TestExecutionListeners: [org.springframework.test.context.web.ServletTestExecutionListener@234cd86c, org.springframework.test.context.support.DirtiesContextBeforeModesTestExecutionListener@2c48cede, org.springframework.boot.test.mock.mockito.MockitoTestExecutionListener@39c87b42, org.springframework.boot.test.autoconfigure.SpringBootDependencyInjectionTestExecutionListener@47fcefb3, org.springframework.test.context.support.DirtiesContextTestExecutionListener@236c098, org.springframework.test.context.transaction.TransactionalTestExecutionListener@68e2d03e, org.springframework.test.context.jdbc.SqlScriptsTestExecutionListener@120aa40b, org.springframework.boot.test.mock.mockito.ResetMocksTestExecutionListener@32ab408e, org.springframework.boot.test.autoconfigure.restdocs.RestDocsTestExecutionListener@6ad6443, org.springframework.boot.test.autoconfigure.web.client.MockRestServiceServerResetTestExecutionListener@78b03788, org.springframework.boot.test.autoconfigure.web.servlet.MockMvcPrintOnlyOnFailureTestExecutionListener@3f5dfe69, org.springframework.boot.test.autoconfigure.web.servlet.WebDriverTestExecutionListener@571a663c]
2021-06-14 19:15:19,919 [main] INFO : No bean named 'errorChannel' has been explicitly defined. Therefore, a default PublishSubscribeChannel will be created.
2021-06-14 19:15:19,924 [main] INFO : No bean named 'taskScheduler' has been explicitly defined. Therefore, a default ThreadPoolTaskScheduler will be created.
2021-06-14 19:15:19,930 [main] INFO : No bean named 'integrationHeaderChannelRegistry' has been explicitly defined. Therefore, a default DefaultHeaderChannelRegistry will be created.
2021-06-14 19:15:19,964 [main] INFO : Bean 'org.springframework.integration.config.IntegrationManagementConfiguration' of type [org.springframework.integration.config.IntegrationManagementConfiguration$$EnhancerBySpringCGLIB$$928d7891] is not eligible for getting processed by all BeanPostProcessors (for example: not eligible for auto-proxying)
2021-06-14 19:15:19,979 [main] INFO : Bean 'integrationDisposableAutoCreatedBeans' of type [org.springframework.integration.config.annotation.Disposables] is not eligible for getting processed by all BeanPostProcessors (for example: not eligible for auto-proxying)
2021-06-14 19:15:20,268 [main] INFO : Tomcat initialized with port(s): 0 (http)
2021-06-14 19:15:20,293 [main] INFO : Initializing ProtocolHandler ["http-nio-auto-1"]
2021-06-14 19:15:20,306 [main] INFO : Starting service [Tomcat]
2021-06-14 19:15:20,307 [main] INFO : Starting Servlet engine: [Apache Tomcat/9.0.24]
2021-06-14 19:15:20,422 [main] INFO : Initializing Spring embedded WebApplicationContext
2021-06-14 19:15:20,422 [main] INFO : Root WebApplicationContext: initialization completed in 860 ms
2021-06-14 19:15:20,621 [main] INFO : Initializing ExecutorService 'applicationTaskExecutor'
2021-06-14 19:15:20,827 [main] INFO : Initializing Spring TestDispatcherServlet ''
2021-06-14 19:15:20,827 [main] INFO : Initializing Servlet ''
2021-06-14 19:15:20,834 [main] INFO : Completed initialization in 7 ms
2021-06-14 19:15:20,944 [main] INFO : Initializing ExecutorService 'taskScheduler'
2021-06-14 19:15:20,996 [main] INFO : Adding {logging-channel-adapter:_org.springframework.integration.errorLogger} as a subscriber to the 'errorChannel' channel
2021-06-14 19:15:20,997 [main] INFO : Channel 'application.errorChannel' has 1 subscriber(s).
2021-06-14 19:15:20,997 [main] INFO : started _org.springframework.integration.errorLogger
2021-06-14 19:15:21,002 [main] INFO : Starting ProtocolHandler ["http-nio-auto-1"]
2021-06-14 19:15:21,022 [main] INFO : Tomcat started on port(s): 42411 (http) with context path ''
2021-06-14 19:15:21,118 [http-nio-auto-1-exec-1] INFO : Initializing Spring DispatcherServlet 'dispatcherServlet'
2021-06-14 19:15:21,119 [http-nio-auto-1-exec-1] INFO : Initializing Servlet 'dispatcherServlet'
2021-06-14 19:15:21,122 [http-nio-auto-1-exec-1] INFO : Completed initialization in 2 ms
2021-06-14 19:15:21,130 [http-nio-auto-1-exec-1] WARN : Resolved [org.springframework.web.HttpRequestMethodNotSupportedException: Request method 'GET' not supported]
2021-06-14 19:15:21,195 [Thread-1] INFO : Shutting down ExecutorService 'applicationTaskExecutor'
2021-06-14 19:15:21,196 [Thread-5] INFO : Removing {logging-channel-adapter:_org.springframework.integration.errorLogger} as a subscriber to the 'errorChannel' channel
2021-06-14 19:15:21,199 [Thread-5] INFO : Channel 'application.errorChannel' has 0 subscriber(s).
2021-06-14 19:15:21,199 [Thread-5] INFO : stopped _org.springframework.integration.errorLogger
2021-06-14 19:15:21,200 [Thread-5] INFO : Shutting down ExecutorService 'taskScheduler'
2021-06-14 19:15:21,201 [Thread-5] INFO : Shutting down ExecutorService 'applicationTaskExecutor'
